Virtual User Script started at : 2018-01-19 22:36:42
Running Vuser...
Starting iteration 1.
Notify: Transaction "Comcast_Modesto_T01_Authenication_Token" started.
Notify: Transaction "Comcast_Modesto_T01_Authenication_Token" ended with a "Pass" status (Duration: 1.7910 Wasted Time: 0.2850).
Notify: Transaction "Comcast_Modesto_T02_Create_Customer" started.
Notify: Transaction "Comcast_Modesto_T02_Create_Customer" ended with a "Pass" status (Duration: 0.4800 Wasted Time: 0.0860).
Notify: Transaction "Comcast_Modesto_T03_SetEmailBar" started.
Notify: Transaction "Comcast_Modesto_T03_SetEmailBar" ended with a "Pass" status (Duration: 1.6730 Wasted Time: 1.0280).
Notify: Transaction "Comcast_Modest_T04_AddPaymeanToBar" started.
Notify: Transaction "Comcast_Modest_T04_AddPaymeanToBar" ended with a "Pass" status (Duration: 2.0520 Wasted Time: 1.4850).
Notify: Transaction "Comcast_Modesto_T05_AddSSNToContact" started.
Notify: Transaction "Comcast_Modesto_T05_AddSSNToContact" ended with a "Pass" status (Duration: 1.4310 Wasted Time: 1.0220).
Notify: Transaction "Comcast_Modesto_T06_CreateOrderUnlimited" started.
Notify: Transaction "Comcast_Modesto_T06_CreateOrderUnlimited" ended with a "Pass" status (Duration: 6.9410 Think Time: 0.0020 Wasted Time: 3.1750).
Notify: Transaction "Comcast_Modesto_T07_UpdateProductConfiguration" started.
Notify: Transaction "Comcast_Modesto_T07_UpdateProductConfiguration" ended with a "Pass" status (Duration: 7.6050 Think Time: 0.0020 Wasted Time: 3.1400).
Notify: Transaction "Comcast_Modesto_T08_UpdatePayChannel" started.
Notify: Transaction "Comcast_Modesto_T08_UpdatePayChannel" ended with a "Pass" status (Duration: 9.3180 Think Time: 0.0020 Wasted Time: 3.1490).
Notify: Transaction "Comcast_Modesto_T09_ApplyPayment" started.
Notify: Transaction "Comcast_Modesto_T09_ApplyPayment" ended with a "Pass" status (Duration: 7.0370 Wasted Time: 5.4290).
Notify: Transaction "Comcast_Modesto_T10_SubmitOrder" started.
Notify: Transaction "Comcast_Modesto_T10_SubmitOrder" ended with a "Pass" status (Duration: 2.3240 Wasted Time: 1.5690).
Notify: Transaction "Comcast_Modesto_T12_HandleMPA_SyncResponse" started.
Notify: Transaction "Comcast_Modesto_T12_HandleMPA_SyncResponse" ended with a "Pass" status (Duration: 15.8320 Wasted Time: 10.0770).
Notify: Transaction "Comcast_Modesto_Cancel_Order" started.
Notify: Transaction "Comcast_Modesto_Cancel_Order" ended with a "Pass" status (Duration: 2.4950 Wasted Time: 1.7640).
Notify: Transaction "Comcast_Modesto_CreateBillingProfile" started.
Notify: Transaction "Comcast_Modesto_CreateBillingProfile" ended with a "Pass" status (Duration: 5.6040 Wasted Time: 1.6390).
Notify: Transaction "Comcast_Modesto_GetOrderDetails" started.
Notify: Transaction "Comcast_Modesto_GetOrderDetails" ended with a "Pass" status (Duration: 15.8440 Wasted Time: 1.7110).
Ending iteration 1.
Ending Vuser...
Vuser Terminated.
